[2017-08-28 14:21:41] [info]  [ 3140] Commons Daemon procrun (1.0.15.0 64-bit) started
[2017-08-28 14:21:41] [info]  [ 3140] Running 'Tomcat8' Service...
[2017-08-28 14:21:42] [info]  [ 3868] Starting service...
[2017-08-28 14:22:13] [info]  [ 3868] Service started in 28792 ms.
[2017-08-28 19:01:23] [info]  [ 7852] Console SHUTDOWN event signaled
[2017-08-28 19:01:23] [info]  [ 7852] Stopping service...
[2017-08-28 19:01:24] [info]  [ 7852] Service stop thread completed.
[2017-08-28 19:01:25] [info]  [ 3140] Run service finished.
[2017-08-28 19:01:25] [info]  [ 3140] Commons Daemon procrun finished
[2017-08-28 19:02:30] [info]  [ 2480] Commons Daemon procrun (1.0.15.0 64-bit) started
[2017-08-28 19:02:31] [info]  [ 2480] Running 'Tomcat8' Service...
[2017-08-28 19:02:31] [info]  [ 3664] Starting service...
[2017-08-28 19:02:44] [info]  [ 3664] Service started in 12806 ms.
[2017-08-28 19:28:38] [info]  [ 2536] Console SHUTDOWN event signaled
[2017-08-28 19:28:38] [info]  [ 2536] Stopping service...
[2017-08-28 19:28:40] [info]  [ 2536] Service stop thread completed.
[2017-08-28 19:28:40] [info]  [ 2480] Run service finished.
[2017-08-28 19:28:40] [info]  [ 2480] Commons Daemon procrun finished
[2017-08-28 19:29:42] [info]  [ 3080] Commons Daemon procrun (1.0.15.0 64-bit) started
[2017-08-28 19:29:42] [info]  [ 3080] Running 'Tomcat8' Service...
[2017-08-28 19:29:43] [info]  [ 3488] Starting service...
[2017-08-28 19:29:56] [info]  [ 3488] Service started in 13466 ms.
[2017-08-31 17:23:53] [info]  [ 9164] Console SHUTDOWN event signaled
[2017-08-31 17:23:53] [info]  [ 9164] Stopping service...
[2017-08-31 17:23:54] [info]  [ 9164] Service stop thread completed.
[2017-08-31 17:23:55] [info]  [ 3080] Run service finished.
[2017-08-31 17:23:55] [info]  [ 3080] Commons Daemon procrun finished
