
2017-08-31 17:25:03 Commons Daemon procrun stderr initialized
31-Aug-2017 17:25:18.193 INFO [main] org.apache.catalina.startup.VersionLoggerListener.log Server version:        Apache Tomcat/8.0.44
31-Aug-2017 17:25:18.193 INFO [main] org.apache.catalina.startup.VersionLoggerListener.log Server built:          May 10 2017 17:21:09 UTC
31-Aug-2017 17:25:18.193 INFO [main] org.apache.catalina.startup.VersionLoggerListener.log Server number:         8.0.44.0
31-Aug-2017 17:25:18.193 INFO [main] org.apache.catalina.startup.VersionLoggerListener.log OS Name:               Windows 8
31-Aug-2017 17:25:18.193 INFO [main] org.apache.catalina.startup.VersionLoggerListener.log OS Version:            6.2
31-Aug-2017 17:25:18.193 INFO [main] org.apache.catalina.startup.VersionLoggerListener.log Architecture:          amd64
31-Aug-2017 17:25:18.193 INFO [main] org.apache.catalina.startup.VersionLoggerListener.log Java Home:             C:\Program Files\Java\jre1.8.0_45
31-Aug-2017 17:25:18.193 INFO [main] org.apache.catalina.startup.VersionLoggerListener.log JVM Version:           1.8.0_45-b15
31-Aug-2017 17:25:18.193 INFO [main] org.apache.catalina.startup.VersionLoggerListener.log JVM Vendor:            Oracle Corporation
31-Aug-2017 17:25:18.193 INFO [main] org.apache.catalina.startup.VersionLoggerListener.log CATALINA_BASE:         C:\Program Files\Apache Software Foundation\Tomcat 8.0
31-Aug-2017 17:25:18.193 INFO [main] org.apache.catalina.startup.VersionLoggerListener.log CATALINA_HOME:         C:\Program Files\Apache Software Foundation\Tomcat 8.0
31-Aug-2017 17:25:18.193 INFO [main] org.apache.catalina.startup.VersionLoggerListener.log Command line argument: -Dcatalina.home=C:\Program Files\Apache Software Foundation\Tomcat 8.0
31-Aug-2017 17:25:18.193 INFO [main] org.apache.catalina.startup.VersionLoggerListener.log Command line argument: -Dcatalina.base=C:\Program Files\Apache Software Foundation\Tomcat 8.0
31-Aug-2017 17:25:18.193 INFO [main] org.apache.catalina.startup.VersionLoggerListener.log Command line argument: -Djava.endorsed.dirs=C:\Program Files\Apache Software Foundation\Tomcat 8.0\endorsed
31-Aug-2017 17:25:18.193 INFO [main] org.apache.catalina.startup.VersionLoggerListener.log Command line argument: -Djava.io.tmpdir=C:\Program Files\Apache Software Foundation\Tomcat 8.0\temp
31-Aug-2017 17:25:18.193 INFO [main] org.apache.catalina.startup.VersionLoggerListener.log Command line argument: -Djava.util.logging.manager=org.apache.juli.ClassLoaderLogManager
31-Aug-2017 17:25:18.193 INFO [main] org.apache.catalina.startup.VersionLoggerListener.log Command line argument: -Djava.util.logging.config.file=C:\Program Files\Apache Software Foundation\Tomcat 8.0\conf\logging.properties
31-Aug-2017 17:25:18.193 INFO [main] org.apache.catalina.startup.VersionLoggerListener.log Command line argument: exit
31-Aug-2017 17:25:18.193 INFO [main] org.apache.catalina.startup.VersionLoggerListener.log Command line argument: -Xms128m
31-Aug-2017 17:25:18.193 INFO [main] org.apache.catalina.startup.VersionLoggerListener.log Command line argument: -Xmx256m
31-Aug-2017 17:25:18.193 INFO [main] org.apache.catalina.core.AprLifecycleListener.lifecycleEvent Loaded APR based Apache Tomcat Native library 1.2.12 using APR version 1.5.2.
31-Aug-2017 17:25:18.193 INFO [main] org.apache.catalina.core.AprLifecycleListener.lifecycleEvent APR capabilities: IPv6 [true], sendfile [true], accept filters [false], random [true].
31-Aug-2017 17:25:19.303 INFO [main] org.apache.catalina.core.AprLifecycleListener.initializeSSL OpenSSL successfully initialized (OpenSSL 1.0.2k  26 Jan 2017)
31-Aug-2017 17:25:21.538 INFO [main] org.apache.coyote.AbstractProtocol.init Initializing ProtocolHandler ["http-apr-8080"]
31-Aug-2017 17:25:21.553 INFO [main] org.apache.coyote.AbstractProtocol.init Initializing ProtocolHandler ["ajp-apr-8009"]
31-Aug-2017 17:25:21.569 INFO [main] org.apache.catalina.startup.Catalina.load Initialization processed in 10949 ms
31-Aug-2017 17:25:21.694 INFO [main] org.apache.catalina.core.StandardService.startInternal Starting service Catalina
31-Aug-2017 17:25:21.709 INFO [main] org.apache.catalina.core.StandardEngine.startInternal Starting Servlet Engine: Apache Tomcat/8.0.44
31-Aug-2017 17:25:21.803 INFO [localhost-startStop-1] org.apache.catalina.startup.HostConfig.deployDirectory Deploying web application directory C:\Program Files\Apache Software Foundation\Tomcat 8.0\webapps\docs
31-Aug-2017 17:25:23.116 INFO [localhost-startStop-1] org.apache.catalina.util.SessionIdGeneratorBase.createSecureRandom Creation of SecureRandom instance for session ID generation using [SHA1PRNG] took [265] milliseconds.
31-Aug-2017 17:25:23.194 INFO [localhost-startStop-1] org.apache.catalina.startup.HostConfig.deployDirectory Deployment of web application directory C:\Program Files\Apache Software Foundation\Tomcat 8.0\webapps\docs has finished in 1,391 ms
31-Aug-2017 17:25:23.194 INFO [localhost-startStop-1] org.apache.catalina.startup.HostConfig.deployDirectory Deploying web application directory C:\Program Files\Apache Software Foundation\Tomcat 8.0\webapps\examples
31-Aug-2017 17:25:26.382 INFO [localhost-startStop-1] org.apache.catalina.startup.HostConfig.deployDirectory Deployment of web application directory C:\Program Files\Apache Software Foundation\Tomcat 8.0\webapps\examples has finished in 3,188 ms
31-Aug-2017 17:25:26.382 INFO [localhost-startStop-1] org.apache.catalina.startup.HostConfig.deployDirectory Deploying web application directory C:\Program Files\Apache Software Foundation\Tomcat 8.0\webapps\host-manager
31-Aug-2017 17:25:26.663 INFO [localhost-startStop-1] org.apache.catalina.startup.HostConfig.deployDirectory Deployment of web application directory C:\Program Files\Apache Software Foundation\Tomcat 8.0\webapps\host-manager has finished in 281 ms
31-Aug-2017 17:25:26.663 INFO [localhost-startStop-1] org.apache.catalina.startup.HostConfig.deployDirectory Deploying web application directory C:\Program Files\Apache Software Foundation\Tomcat 8.0\webapps\manager
31-Aug-2017 17:25:26.820 INFO [localhost-startStop-1] org.apache.catalina.startup.HostConfig.deployDirectory Deployment of web application directory C:\Program Files\Apache Software Foundation\Tomcat 8.0\webapps\manager has finished in 157 ms
31-Aug-2017 17:25:26.820 INFO [localhost-startStop-1] org.apache.catalina.startup.HostConfig.deployDirectory Deploying web application directory C:\Program Files\Apache Software Foundation\Tomcat 8.0\webapps\ROOT
31-Aug-2017 17:25:26.960 INFO [localhost-startStop-1] org.apache.catalina.startup.HostConfig.deployDirectory Deployment of web application directory C:\Program Files\Apache Software Foundation\Tomcat 8.0\webapps\ROOT has finished in 140 ms
31-Aug-2017 17:25:26.960 INFO [main] org.apache.coyote.AbstractProtocol.start Starting ProtocolHandler ["http-apr-8080"]
31-Aug-2017 17:25:27.070 INFO [main] org.apache.coyote.AbstractProtocol.start Starting ProtocolHandler ["ajp-apr-8009"]
31-Aug-2017 17:25:27.132 INFO [main] org.apache.catalina.startup.Catalina.start Server startup in 5566 ms
