
2017-09-05 10:28:49 Commons Daemon procrun stderr initialized
05-Sep-2017 10:29:43.876 INFO [main] org.apache.catalina.startup.VersionLoggerListener.log Server version:        Apache Tomcat/8.0.44
05-Sep-2017 10:29:43.876 INFO [main] org.apache.catalina.startup.VersionLoggerListener.log Server built:          May 10 2017 17:21:09 UTC
05-Sep-2017 10:29:43.876 INFO [main] org.apache.catalina.startup.VersionLoggerListener.log Server number:         8.0.44.0
05-Sep-2017 10:29:43.876 INFO [main] org.apache.catalina.startup.VersionLoggerListener.log OS Name:               Windows 8
05-Sep-2017 10:29:43.876 INFO [main] org.apache.catalina.startup.VersionLoggerListener.log OS Version:            6.2
05-Sep-2017 10:29:43.876 INFO [main] org.apache.catalina.startup.VersionLoggerListener.log Architecture:          amd64
05-Sep-2017 10:29:43.876 INFO [main] org.apache.catalina.startup.VersionLoggerListener.log Java Home:             C:\Program Files\Java\jre1.8.0_45
05-Sep-2017 10:29:43.892 INFO [main] org.apache.catalina.startup.VersionLoggerListener.log JVM Version:           1.8.0_45-b15
05-Sep-2017 10:29:43.892 INFO [main] org.apache.catalina.startup.VersionLoggerListener.log JVM Vendor:            Oracle Corporation
05-Sep-2017 10:29:43.892 INFO [main] org.apache.catalina.startup.VersionLoggerListener.log CATALINA_BASE:         C:\Program Files\Apache Software Foundation\Tomcat 8.0
05-Sep-2017 10:29:43.892 INFO [main] org.apache.catalina.startup.VersionLoggerListener.log CATALINA_HOME:         C:\Program Files\Apache Software Foundation\Tomcat 8.0
05-Sep-2017 10:29:43.892 INFO [main] org.apache.catalina.startup.VersionLoggerListener.log Command line argument: -Dcatalina.home=C:\Program Files\Apache Software Foundation\Tomcat 8.0
05-Sep-2017 10:29:43.892 INFO [main] org.apache.catalina.startup.VersionLoggerListener.log Command line argument: -Dcatalina.base=C:\Program Files\Apache Software Foundation\Tomcat 8.0
05-Sep-2017 10:29:43.892 INFO [main] org.apache.catalina.startup.VersionLoggerListener.log Command line argument: -Djava.endorsed.dirs=C:\Program Files\Apache Software Foundation\Tomcat 8.0\endorsed
05-Sep-2017 10:29:43.892 INFO [main] org.apache.catalina.startup.VersionLoggerListener.log Command line argument: -Djava.io.tmpdir=C:\Program Files\Apache Software Foundation\Tomcat 8.0\temp
05-Sep-2017 10:29:43.892 INFO [main] org.apache.catalina.startup.VersionLoggerListener.log Command line argument: -Djava.util.logging.manager=org.apache.juli.ClassLoaderLogManager
05-Sep-2017 10:29:43.892 INFO [main] org.apache.catalina.startup.VersionLoggerListener.log Command line argument: -Djava.util.logging.config.file=C:\Program Files\Apache Software Foundation\Tomcat 8.0\conf\logging.properties
05-Sep-2017 10:29:43.892 INFO [main] org.apache.catalina.startup.VersionLoggerListener.log Command line argument: exit
05-Sep-2017 10:29:43.892 INFO [main] org.apache.catalina.startup.VersionLoggerListener.log Command line argument: -Xms128m
05-Sep-2017 10:29:43.892 INFO [main] org.apache.catalina.startup.VersionLoggerListener.log Command line argument: -Xmx256m
05-Sep-2017 10:29:43.892 INFO [main] org.apache.catalina.core.AprLifecycleListener.lifecycleEvent Loaded APR based Apache Tomcat Native library 1.2.12 using APR version 1.5.2.
05-Sep-2017 10:29:43.892 INFO [main] org.apache.catalina.core.AprLifecycleListener.lifecycleEvent APR capabilities: IPv6 [true], sendfile [true], accept filters [false], random [true].
05-Sep-2017 10:29:45.002 INFO [main] org.apache.catalina.core.AprLifecycleListener.initializeSSL OpenSSL successfully initialized (OpenSSL 1.0.2k  26 Jan 2017)
05-Sep-2017 10:29:50.471 INFO [main] org.apache.coyote.AbstractProtocol.init Initializing ProtocolHandler ["http-apr-8080"]
05-Sep-2017 10:29:50.534 INFO [main] org.apache.coyote.AbstractProtocol.init Initializing ProtocolHandler ["ajp-apr-8009"]
05-Sep-2017 10:29:50.534 INFO [main] org.apache.catalina.startup.Catalina.load Initialization processed in 10377 ms
05-Sep-2017 10:29:51.721 INFO [main] org.apache.catalina.core.StandardService.startInternal Starting service Catalina
05-Sep-2017 10:29:51.721 INFO [main] org.apache.catalina.core.StandardEngine.startInternal Starting Servlet Engine: Apache Tomcat/8.0.44
05-Sep-2017 10:29:52.034 INFO [localhost-startStop-1] org.apache.catalina.startup.HostConfig.deployDirectory Deploying web application directory C:\Program Files\Apache Software Foundation\Tomcat 8.0\webapps\docs
05-Sep-2017 10:29:55.722 INFO [localhost-startStop-1] org.apache.catalina.util.SessionIdGeneratorBase.createSecureRandom Creation of SecureRandom instance for session ID generation using [SHA1PRNG] took [359] milliseconds.
05-Sep-2017 10:29:55.815 INFO [localhost-startStop-1] org.apache.catalina.startup.HostConfig.deployDirectory Deployment of web application directory C:\Program Files\Apache Software Foundation\Tomcat 8.0\webapps\docs has finished in 3,781 ms
05-Sep-2017 10:29:55.815 INFO [localhost-startStop-1] org.apache.catalina.startup.HostConfig.deployDirectory Deploying web application directory C:\Program Files\Apache Software Foundation\Tomcat 8.0\webapps\examples
05-Sep-2017 10:30:01.613 INFO [localhost-startStop-1] org.apache.catalina.startup.HostConfig.deployDirectory Deployment of web application directory C:\Program Files\Apache Software Foundation\Tomcat 8.0\webapps\examples has finished in 5,798 ms
05-Sep-2017 10:30:01.613 INFO [localhost-startStop-1] org.apache.catalina.startup.HostConfig.deployDirectory Deploying web application directory C:\Program Files\Apache Software Foundation\Tomcat 8.0\webapps\host-manager
05-Sep-2017 10:30:01.832 INFO [localhost-startStop-1] org.apache.catalina.startup.HostConfig.deployDirectory Deployment of web application directory C:\Program Files\Apache Software Foundation\Tomcat 8.0\webapps\host-manager has finished in 219 ms
05-Sep-2017 10:30:01.832 INFO [localhost-startStop-1] org.apache.catalina.startup.HostConfig.deployDirectory Deploying web application directory C:\Program Files\Apache Software Foundation\Tomcat 8.0\webapps\manager
05-Sep-2017 10:30:02.113 INFO [localhost-startStop-1] org.apache.catalina.startup.HostConfig.deployDirectory Deployment of web application directory C:\Program Files\Apache Software Foundation\Tomcat 8.0\webapps\manager has finished in 281 ms
05-Sep-2017 10:30:02.113 INFO [localhost-startStop-1] org.apache.catalina.startup.HostConfig.deployDirectory Deploying web application directory C:\Program Files\Apache Software Foundation\Tomcat 8.0\webapps\ROOT
05-Sep-2017 10:30:02.394 INFO [localhost-startStop-1] org.apache.catalina.startup.HostConfig.deployDirectory Deployment of web application directory C:\Program Files\Apache Software Foundation\Tomcat 8.0\webapps\ROOT has finished in 281 ms
05-Sep-2017 10:30:02.410 INFO [main] org.apache.coyote.AbstractProtocol.start Starting ProtocolHandler ["http-apr-8080"]
05-Sep-2017 10:30:02.535 INFO [main] org.apache.coyote.AbstractProtocol.start Starting ProtocolHandler ["ajp-apr-8009"]
05-Sep-2017 10:30:02.582 INFO [main] org.apache.catalina.startup.Catalina.start Server startup in 12055 ms
07-Sep-2017 17:39:13.625 INFO [Thread-4] org.apache.coyote.AbstractProtocol.pause Pausing ProtocolHandler ["http-apr-8080"]
07-Sep-2017 17:39:13.734 INFO [Thread-4] org.apache.coyote.AbstractProtocol.pause Pausing ProtocolHandler ["ajp-apr-8009"]
07-Sep-2017 17:39:13.797 INFO [Thread-4] org.apache.catalina.core.StandardService.stopInternal Stopping service Catalina
07-Sep-2017 17:39:13.875 INFO [Thread-4] org.apache.coyote.AbstractProtocol.stop Stopping ProtocolHandler ["http-apr-8080"]
07-Sep-2017 17:39:14.047 INFO [Thread-4] org.apache.coyote.AbstractProtocol.stop Stopping ProtocolHandler ["ajp-apr-8009"]
