
2017-09-08 08:34:11 Commons Daemon procrun stderr initialized
08-Sep-2017 08:34:31.949 INFO [main] org.apache.catalina.startup.VersionLoggerListener.log Server version:        Apache Tomcat/8.0.44
08-Sep-2017 08:34:31.964 INFO [main] org.apache.catalina.startup.VersionLoggerListener.log Server built:          May 10 2017 17:21:09 UTC
08-Sep-2017 08:34:31.964 INFO [main] org.apache.catalina.startup.VersionLoggerListener.log Server number:         8.0.44.0
08-Sep-2017 08:34:31.964 INFO [main] org.apache.catalina.startup.VersionLoggerListener.log OS Name:               Windows 8
08-Sep-2017 08:34:31.964 INFO [main] org.apache.catalina.startup.VersionLoggerListener.log OS Version:            6.2
08-Sep-2017 08:34:31.964 INFO [main] org.apache.catalina.startup.VersionLoggerListener.log Architecture:          amd64
08-Sep-2017 08:34:31.964 INFO [main] org.apache.catalina.startup.VersionLoggerListener.log Java Home:             C:\Program Files\Java\jre1.8.0_45
08-Sep-2017 08:34:31.964 INFO [main] org.apache.catalina.startup.VersionLoggerListener.log JVM Version:           1.8.0_45-b15
08-Sep-2017 08:34:31.964 INFO [main] org.apache.catalina.startup.VersionLoggerListener.log JVM Vendor:            Oracle Corporation
08-Sep-2017 08:34:31.964 INFO [main] org.apache.catalina.startup.VersionLoggerListener.log CATALINA_BASE:         C:\Program Files\Apache Software Foundation\Tomcat 8.0
08-Sep-2017 08:34:31.964 INFO [main] org.apache.catalina.startup.VersionLoggerListener.log CATALINA_HOME:         C:\Program Files\Apache Software Foundation\Tomcat 8.0
08-Sep-2017 08:34:31.964 INFO [main] org.apache.catalina.startup.VersionLoggerListener.log Command line argument: -Dcatalina.home=C:\Program Files\Apache Software Foundation\Tomcat 8.0
08-Sep-2017 08:34:31.964 INFO [main] org.apache.catalina.startup.VersionLoggerListener.log Command line argument: -Dcatalina.base=C:\Program Files\Apache Software Foundation\Tomcat 8.0
08-Sep-2017 08:34:31.964 INFO [main] org.apache.catalina.startup.VersionLoggerListener.log Command line argument: -Djava.endorsed.dirs=C:\Program Files\Apache Software Foundation\Tomcat 8.0\endorsed
08-Sep-2017 08:34:31.964 INFO [main] org.apache.catalina.startup.VersionLoggerListener.log Command line argument: -Djava.io.tmpdir=C:\Program Files\Apache Software Foundation\Tomcat 8.0\temp
08-Sep-2017 08:34:31.964 INFO [main] org.apache.catalina.startup.VersionLoggerListener.log Command line argument: -Djava.util.logging.manager=org.apache.juli.ClassLoaderLogManager
08-Sep-2017 08:34:31.964 INFO [main] org.apache.catalina.startup.VersionLoggerListener.log Command line argument: -Djava.util.logging.config.file=C:\Program Files\Apache Software Foundation\Tomcat 8.0\conf\logging.properties
08-Sep-2017 08:34:31.964 INFO [main] org.apache.catalina.startup.VersionLoggerListener.log Command line argument: exit
08-Sep-2017 08:34:31.964 INFO [main] org.apache.catalina.startup.VersionLoggerListener.log Command line argument: -Xms128m
08-Sep-2017 08:34:31.964 INFO [main] org.apache.catalina.startup.VersionLoggerListener.log Command line argument: -Xmx256m
08-Sep-2017 08:34:31.964 INFO [main] org.apache.catalina.core.AprLifecycleListener.lifecycleEvent Loaded APR based Apache Tomcat Native library 1.2.12 using APR version 1.5.2.
08-Sep-2017 08:34:31.964 INFO [main] org.apache.catalina.core.AprLifecycleListener.lifecycleEvent APR capabilities: IPv6 [true], sendfile [true], accept filters [false], random [true].
08-Sep-2017 08:34:33.027 INFO [main] org.apache.catalina.core.AprLifecycleListener.initializeSSL OpenSSL successfully initialized (OpenSSL 1.0.2k  26 Jan 2017)
08-Sep-2017 08:34:35.262 INFO [main] org.apache.coyote.AbstractProtocol.init Initializing ProtocolHandler ["http-apr-8080"]
08-Sep-2017 08:34:35.324 INFO [main] org.apache.coyote.AbstractProtocol.init Initializing ProtocolHandler ["ajp-apr-8009"]
08-Sep-2017 08:34:35.324 INFO [main] org.apache.catalina.startup.Catalina.load Initialization processed in 8854 ms
08-Sep-2017 08:34:35.512 INFO [main] org.apache.catalina.core.StandardService.startInternal Starting service Catalina
08-Sep-2017 08:34:35.512 INFO [main] org.apache.catalina.core.StandardEngine.startInternal Starting Servlet Engine: Apache Tomcat/8.0.44
08-Sep-2017 08:34:35.684 INFO [localhost-startStop-1] org.apache.catalina.startup.HostConfig.deployDirectory Deploying web application directory C:\Program Files\Apache Software Foundation\Tomcat 8.0\webapps\docs
08-Sep-2017 08:34:37.903 INFO [localhost-startStop-1] org.apache.catalina.util.SessionIdGeneratorBase.createSecureRandom Creation of SecureRandom instance for session ID generation using [SHA1PRNG] took [328] milliseconds.
08-Sep-2017 08:34:37.950 INFO [localhost-startStop-1] org.apache.catalina.startup.HostConfig.deployDirectory Deployment of web application directory C:\Program Files\Apache Software Foundation\Tomcat 8.0\webapps\docs has finished in 2,266 ms
08-Sep-2017 08:34:37.950 INFO [localhost-startStop-1] org.apache.catalina.startup.HostConfig.deployDirectory Deploying web application directory C:\Program Files\Apache Software Foundation\Tomcat 8.0\webapps\examples
08-Sep-2017 08:34:39.216 INFO [localhost-startStop-1] org.apache.catalina.startup.HostConfig.deployDirectory Deployment of web application directory C:\Program Files\Apache Software Foundation\Tomcat 8.0\webapps\examples has finished in 1,266 ms
08-Sep-2017 08:34:39.216 INFO [localhost-startStop-1] org.apache.catalina.startup.HostConfig.deployDirectory Deploying web application directory C:\Program Files\Apache Software Foundation\Tomcat 8.0\webapps\host-manager
08-Sep-2017 08:34:39.294 INFO [localhost-startStop-1] org.apache.catalina.startup.HostConfig.deployDirectory Deployment of web application directory C:\Program Files\Apache Software Foundation\Tomcat 8.0\webapps\host-manager has finished in 78 ms
08-Sep-2017 08:34:39.294 INFO [localhost-startStop-1] org.apache.catalina.startup.HostConfig.deployDirectory Deploying web application directory C:\Program Files\Apache Software Foundation\Tomcat 8.0\webapps\manager
08-Sep-2017 08:34:39.403 INFO [localhost-startStop-1] org.apache.catalina.startup.HostConfig.deployDirectory Deployment of web application directory C:\Program Files\Apache Software Foundation\Tomcat 8.0\webapps\manager has finished in 109 ms
08-Sep-2017 08:34:39.403 INFO [localhost-startStop-1] org.apache.catalina.startup.HostConfig.deployDirectory Deploying web application directory C:\Program Files\Apache Software Foundation\Tomcat 8.0\webapps\ROOT
08-Sep-2017 08:34:39.450 INFO [localhost-startStop-1] org.apache.catalina.startup.HostConfig.deployDirectory Deployment of web application directory C:\Program Files\Apache Software Foundation\Tomcat 8.0\webapps\ROOT has finished in 47 ms
08-Sep-2017 08:34:39.466 INFO [main] org.apache.coyote.AbstractProtocol.start Starting ProtocolHandler ["http-apr-8080"]
08-Sep-2017 08:34:39.794 INFO [main] org.apache.coyote.AbstractProtocol.start Starting ProtocolHandler ["ajp-apr-8009"]
08-Sep-2017 08:34:40.216 INFO [main] org.apache.catalina.startup.Catalina.start Server startup in 4882 ms
08-Sep-2017 10:23:09.906 INFO [Thread-4] org.apache.coyote.AbstractProtocol.pause Pausing ProtocolHandler ["http-apr-8080"]
08-Sep-2017 10:23:10.390 INFO [Thread-4] org.apache.coyote.AbstractProtocol.pause Pausing ProtocolHandler ["ajp-apr-8009"]
08-Sep-2017 10:23:10.468 INFO [Thread-4] org.apache.catalina.core.StandardService.stopInternal Stopping service Catalina
08-Sep-2017 10:23:11.031 INFO [Thread-4] org.apache.coyote.AbstractProtocol.stop Stopping ProtocolHandler ["http-apr-8080"]
08-Sep-2017 10:23:11.238 INFO [Thread-4] org.apache.coyote.AbstractProtocol.stop Stopping ProtocolHandler ["ajp-apr-8009"]

2017-09-08 10:24:13 Commons Daemon procrun stderr initialized

2017-09-08 11:40:38 Commons Daemon procrun stderr initialized

2017-09-08 11:47:29 Commons Daemon procrun stderr initialized
